<?xml version="1.0" encoding="UTF-8"?>
<testsuite xmlns:xsi="http://www.w3.org/2001/XMLSchema-instance" xsi:noNamespaceSchemaLocation="https://maven.apache.org/surefire/maven-surefire-plugin/xsd/surefire-test-report.xsd" name="com.bdqn.config.TestConfigTest" time="5.98" tests="4" errors="0" skipped="0" failures="0">
  <properties>
[...]
</properties>
  <testcase name="getAge" classname="com.bdqn.config.TestConfigTest" time="0.158"/>
  <testcase name="setAge" classname="com.bdqn.config.TestConfigTest" time="0.002"/>
  <testcase name="getName" classname="com.bdqn.config.TestConfigTest" time="0.002"/>
  <testcase name="setName" classname="com.bdqn.config.TestConfigTest" time="0.002"/>
</testsuite>